<?xml version="1.0" encoding="UTF-8"?>
<!-- Generated by org.testng.reporters.JUnitReportReporter -->
<testsuite hostname="PUNITP414094L" failures="0" tests="1" name="Selenium.Property" time="0.019" errors="0" timestamp="2021-03-10T10:44:33 IST" skipped="0">
  <testcase classname="Selenium.Property" name="testProperty" time="0.019"/>
  <system-out/>
</testsuite> <!-- Selenium.Property -->
