<?xml version="1.0" encoding="UTF-8"?>
<!-- Generated by org.testng.reporters.JUnitReportReporter -->
<testsuite hostname="PUNITP414094L" failures="0" tests="5" name="Selenium.Assignment3" time="29.651" errors="0" timestamp="2021-03-10T10:42:36 IST" skipped="4">
  <testcase classname="Selenium.Assignment3" name="SwitchTab" time="29.651"/>
  <system-out/>
  <testcase classname="Selenium.Assignment3" name="attribute">
    <skipped/>
  </testcase> <!-- attribute -->
  <system-out/>
  <testcase classname="Selenium.Assignment3" name="ScreenShot">
    <skipped/>
  </testcase> <!-- ScreenShot -->
  <system-out/>
  <testcase classname="Selenium.Assignment3" name="verifyPinCode">
    <skipped/>
  </testcase> <!-- verifyPinCode -->
  <system-out/>
  <testcase classname="Selenium.Assignment3" name="Excel">
    <skipped/>
  </testcase> <!-- Excel -->
  <system-out/>
</testsuite> <!-- Selenium.Assignment3 -->
