<?xml version="1.0" encoding="UTF-8"?>
<!-- Generated by org.testng.reporters.JUnitReportReporter -->
<testsuite hostname="PUNITP414094L" failures="0" tests="2" name="Selenium.Assignment3" time="23.185" errors="0" timestamp="2021-03-08T11:59:44 IST" skipped="1">
  <testcase classname="Selenium.Assignment3" name="SwitchTab" time="23.185"/>
  <system-out/>
  <testcase classname="Selenium.Assignment3" name="ScreenShot">
    <skipped/>
  </testcase> <!-- ScreenShot -->
  <system-out/>
</testsuite> <!-- Selenium.Assignment3 -->
