<?xml version="1.0" encoding="UTF-8"?>
<!-- Generated by org.testng.reporters.JUnitReportReporter -->
<testsuite hostname="PUNITP414094L" failures="0" tests="3" name="Selenium.Assignment2" time="0.012" errors="0" timestamp="2021-03-09T14:04:16 IST" skipped="0">
  <testcase classname="Selenium.Assignment2" name="ParameterUsingDataProvider" time="0.002"/>
  <system-out/>
  <testcase classname="Selenium.Assignment2" name="ParameterUsingDataProvider" time="0.009"/>
  <system-out/>
  <testcase classname="Selenium.Assignment2" name="ParameterUsingDataProvider" time="0.001"/>
  <system-out/>
</testsuite> <!-- Selenium.Assignment2 -->
