<?xml version="1.0" encoding="UTF-8"?>
<!-- Generated by org.testng.reporters.JUnitReportReporter -->
<testsuite hostname="PUNITP414094L" failures="0" tests="1" name="Selenium.getAttributes" time="0.928" errors="0" timestamp="2021-03-08T13:25:45 IST" skipped="0">
  <testcase classname="Selenium.getAttributes" name="f" time="0.928"/>
  <system-out/>
</testsuite> <!-- Selenium.getAttributes -->
