<?xml version="1.0" encoding="UTF-8"?>
<!-- Generated by org.testng.reporters.JUnitReportReporter -->
<testsuite hostname="PUNITP414094L" failures="0" tests="1" name="Selenium.Demo1" time="1.061" errors="0" timestamp="2021-03-08T11:44:17 IST" skipped="0">
  <testcase classname="Selenium.Demo1" name="f" time="1.061"/>
  <system-out/>
</testsuite> <!-- Selenium.Demo1 -->
