<?xml version="1.0" encoding="UTF-8"?>
<!-- Generated by org.testng.reporters.JUnitReportReporter -->
<testsuite hostname="PUNITP414094L" failures="0" tests="8" name="Selenium.Assignment1" time="17.170" errors="0" timestamp="2021-03-10T10:35:33 IST" skipped="7">
  <testcase classname="Selenium.Assignment1" name="TestDropDown" time="17.170"/>
  <system-out/>
  <testcase classname="Selenium.Assignment1" name="SetSizeOfBrowser">
    <skipped/>
  </testcase> <!-- SetSizeOfBrowser -->
  <system-out/>
  <testcase classname="Selenium.Assignment1" name="TextWithoutSendKeys">
    <skipped/>
  </testcase> <!-- TextWithoutSendKeys -->
  <system-out/>
  <testcase classname="Selenium.Assignment1" name="TestDragandDrop">
    <skipped/>
  </testcase> <!-- TestDragandDrop -->
  <system-out/>
  <testcase classname="Selenium.Assignment1" name="popUp">
    <skipped/>
  </testcase> <!-- popUp -->
  <system-out/>
  <testcase classname="Selenium.Assignment1" name="Scroll">
    <skipped/>
  </testcase> <!-- Scroll -->
  <system-out/>
  <testcase classname="Selenium.Assignment1" name="googleSearch">
    <skipped/>
  </testcase> <!-- googleSearch -->
  <system-out/>
  <testcase classname="Selenium.Assignment1" name="BrokenLinks">
    <skipped/>
  </testcase> <!-- BrokenLinks -->
  <system-out/>
</testsuite> <!-- Selenium.Assignment1 -->
